C:\USERS\LIUJINGUANG\DESKTOP\VSPROJECT\DECRYPTPPTP\DEBUG\DECRYPTPPTP.EXE
C:\USERS\LIUJINGUANG\DESKTOP\VSPROJECT\DECRYPTPPTP\DEBUG\DECRYPTPPTP.ILK
C:\USERS\LIUJINGUANG\DESKTOP\VSPROJECT\DECRYPTPPTP\DEBUG\DECRYPTPPTP.PDB
C:\USERS\LIUJINGUANG\DESKTOP\VSPROJECT\DECRYPTPPTP\DECRYPTPPTP\DEBUG\CAPTURE.OBJ
C:\USERS\LIUJINGUANG\DESKTOP\VSPROJECT\DECRYPTPPTP\DECRYPTPPTP\DEBUG\CHAP.OBJ
C:\Users\liujinguang\Desktop\vsproject\decryptPPTP\decryptPPTP\Debug\cl.command.1.tlog
C:\Users\liujinguang\Desktop\vsproject\decryptPPTP\decryptPPTP\Debug\CL.read.1.tlog
C:\Users\liujinguang\Desktop\vsproject\decryptPPTP\decryptPPTP\Debug\CL.write.1.tlog
C:\USERS\LIUJINGUANG\DESKTOP\VSPROJECT\DECRYPTPPTP\DECRYPTPPTP\DEBUG\DECRYPTPPTP.EXE.EMBED.MANIFEST
C:\USERS\LIUJINGUANG\DESKTOP\VSPROJECT\DECRYPTPPTP\DECRYPTPPTP\DEBUG\DECRYPTPPTP.EXE.EMBED.MANIFEST.RES
C:\USERS\LIUJINGUANG\DESKTOP\VSPROJECT\DECRYPTPPTP\DECRYPTPPTP\DEBUG\DECRYPTPPTP.EXE.INTERMEDIATE.MANIFEST
C:\USERS\LIUJINGUANG\DESKTOP\VSPROJECT\DECRYPTPPTP\DECRYPTPPTP\DEBUG\DECRYPTPPTP.OBJ
C:\Users\liujinguang\Desktop\vsproject\decryptPPTP\decryptPPTP\Debug\decryptPPTP.vcxprojResolveAssemblyReference.cache
C:\Users\liujinguang\Desktop\vsproject\decryptPPTP\decryptPPTP\Debug\decryptPPTP.write.1.tlog
C:\Users\liujinguang\Desktop\vsproject\decryptPPTP\decryptPPTP\Debug\decryptPPTP_manifest.rc
C:\USERS\LIUJINGUANG\DESKTOP\VSPROJECT\DECRYPTPPTP\DECRYPTPPTP\DEBUG\DES.OBJ
C:\Users\liujinguang\Desktop\vsproject\decryptPPTP\decryptPPTP\Debug\link.command.1.tlog
C:\Users\liujinguang\Desktop\vsproject\decryptPPTP\decryptPPTP\Debug\link.read.1.tlog
C:\Users\liujinguang\Desktop\vsproject\decryptPPTP\decryptPPTP\Debug\link.write.1.tlog
C:\Users\liujinguang\Desktop\vsproject\decryptPPTP\decryptPPTP\Debug\link-cvtres.read.1.tlog
C:\Users\liujinguang\Desktop\vsproject\decryptPPTP\decryptPPTP\Debug\link-cvtres.write.1.tlog
C:\USERS\LIUJINGUANG\DESKTOP\VSPROJECT\DECRYPTPPTP\DECRYPTPPTP\DEBUG\MD4.OBJ
C:\USERS\LIUJINGUANG\DESKTOP\VSPROJECT\DECRYPTPPTP\DECRYPTPPTP\DEBUG\MPPCDECOM.OBJ
C:\Users\liujinguang\Desktop\vsproject\decryptPPTP\decryptPPTP\Debug\mt.command.1.tlog
C:\Users\liujinguang\Desktop\vsproject\decryptPPTP\decryptPPTP\Debug\mt.read.1.tlog
C:\Users\liujinguang\Desktop\vsproject\decryptPPTP\decryptPPTP\Debug\mt.write.1.tlog
C:\USERS\LIUJINGUANG\DESKTOP\VSPROJECT\DECRYPTPPTP\DECRYPTPPTP\DEBUG\PUBLICFUNC.OBJ
C:\Users\liujinguang\Desktop\vsproject\decryptPPTP\decryptPPTP\Debug\rc.command.1.tlog
C:\Users\liujinguang\Desktop\vsproject\decryptPPTP\decryptPPTP\Debug\rc.read.1.tlog
C:\Users\liujinguang\Desktop\vsproject\decryptPPTP\decryptPPTP\Debug\rc.write.1.tlog
C:\USERS\LIUJINGUANG\DESKTOP\VSPROJECT\DECRYPTPPTP\DECRYPTPPTP\DEBUG\RC4.OBJ
C:\USERS\LIUJINGUANG\DESKTOP\VSPROJECT\DECRYPTPPTP\DECRYPTPPTP\DEBUG\SESSIONKEY.OBJ
C:\USERS\LIUJINGUANG\DESKTOP\VSPROJECT\DECRYPTPPTP\DECRYPTPPTP\DEBUG\SHA1.OBJ
C:\Users\liujinguang\Desktop\vsproject\decryptPPTP\decryptPPTP\Debug\vc100.idb
C:\USERS\LIUJINGUANG\DESKTOP\VSPROJECT\DECRYPTPPTP\DECRYPTPPTP\DEBUG\VC100.PDB
